{"/home/neo/github/spl402/sdk/src/server.ts": {"path":"/home/neo/github/spl402/sdk/src/server.ts","statementMap":{"0":{"start":{"line":226,"column":0},"end":{"line":226,"column":16}},"1":{"start":{"line":230,"column":0},"end":{"line":230,"column":16}},"2":{"start":{"line":276,"column":0},"end":{"line":276,"column":16}},"3":{"start":{"line":9,"column":0},"end":{"line":9,"column":41}},"4":{"start":{"line":17,"column":4},"end":{"line":17,"column":25}},"5":{"start":{"line":18,"column":4},"end":{"line":18,"column":30}},"6":{"start":{"line":20,"column":41},"end":{"line":24,"column":6}},"7":{"start":{"line":26,"column":4},"end":{"line":26,"column":59}},"8":{"start":{"line":28,"column":4},"end":{"line":31,"column":7}},"9":{"start":{"line":29,"column":18},"end":{"line":29,"column":58}},"10":{"start":{"line":30,"column":6},"end":{"line":30,"column":36}},"11":{"start":{"line":36,"column":21},"end":{"line":36,"column":40}},"12":{"start":{"line":37,"column":23},"end":{"line":37,"column":50}},"13":{"start":{"line":38,"column":4},"end":{"line":40,"column":5}},"14":{"start":{"line":39,"column":6},"end":{"line":39,"column":24}},"15":{"start":{"line":43,"column":4},"end":{"line":57,"column":5}},"16":{"start":{"line":44,"column":26},"end":{"line":44,"column":47}},"17":{"start":{"line":45,"column":6},"end":{"line":45,"column":43}},"18":{"start":{"line":45,"column":34},"end":{"line":45,"column":43}},"19":{"start":{"line":49,"column":22},"end":{"line":51,"column":30}},"20":{"start":{"line":53,"column":20},"end":{"line":53,"column":46}},"21":{"start":{"line":54,"column":6},"end":{"line":56,"column":7}},"22":{"start":{"line":55,"column":8},"end":{"line":55,"column":21}},"23":{"start":{"line":59,"column":4},"end":{"line":59,"column":16}},"24":{"start":{"line":63,"column":18},"end":{"line":63,"column":47}},"25":{"start":{"line":65,"column":4},"end":{"line":67,"column":5}},"26":{"start":{"line":66,"column":6},"end":{"line":66,"column":18}},"27":{"start":{"line":69,"column":4},"end":{"line":76,"column":6}},"28":{"start":{"line":83,"column":19},"end":{"line":88,"column":null}},"29":{"start":{"line":91,"column":4},"end":{"line":94,"column":6}},"30":{"start":{"line":102,"column":24},"end":{"line":102,"column":64}},"31":{"start":{"line":104,"column":4},"end":{"line":110,"column":5}},"32":{"start":{"line":105,"column":6},"end":{"line":109,"column":8}},"33":{"start":{"line":112,"column":4},"end":{"line":122,"column":6}},"34":{"start":{"line":130,"column":24},"end":{"line":130,"column":64}},"35":{"start":{"line":132,"column":4},"end":{"line":134,"column":5}},"36":{"start":{"line":133,"column":6},"end":{"line":133,"column":62}},"37":{"start":{"line":136,"column":4},"end":{"line":138,"column":5}},"38":{"start":{"line":137,"column":6},"end":{"line":137,"column":34}},"39":{"start":{"line":140,"column":26},"end":{"line":140,"column":70}},"40":{"start":{"line":142,"column":4},"end":{"line":144,"column":5}},"41":{"start":{"line":143,"column":6},"end":{"line":143,"column":63}},"42":{"start":{"line":147,"column":4},"end":{"line":153,"column":5}},"43":{"start":{"line":148,"column":6},"end":{"line":150,"column":24}},"44":{"start":{"line":152,"column":6},"end":{"line":152,"column":69}},"45":{"start":{"line":155,"column":25},"end":{"line":155,"column":78}},"46":{"start":{"line":157,"column":4},"end":{"line":163,"column":5}},"47":{"start":{"line":158,"column":6},"end":{"line":162,"column":8}},"48":{"start":{"line":165,"column":4},"end":{"line":165,"column":41}},"49":{"start":{"line":169,"column":4},"end":{"line":169,"column":30}},"50":{"start":{"line":173,"column":4},"end":{"line":191,"column":6}},"51":{"start":{"line":185,"column":47},"end":{"line":189,"column":8}},"52":{"start":{"line":199,"column":4},"end":{"line":208,"column":6}},"53":{"start":{"line":216,"column":4},"end":{"line":222,"column":6}},"54":{"start":{"line":11,"column":0},"end":{"line":11,"column":13}},"55":{"start":{"line":227,"column":2},"end":{"line":227,"column":34}},"56":{"start":{"line":231,"column":2},"end":{"line":273,"column":4}},"57":{"start":{"line":236,"column":21},"end":{"line":236,"column":51}},"58":{"start":{"line":238,"column":4},"end":{"line":243,"column":5}},"59":{"start":{"line":239,"column":23},"end":{"line":239,"column":52}},"60":{"start":{"line":240,"column":6},"end":{"line":242,"column":29}},"61":{"start":{"line":245,"column":4},"end":{"line":250,"column":5}},"62":{"start":{"line":246,"column":23},"end":{"line":246,"column":54}},"63":{"start":{"line":247,"column":6},"end":{"line":249,"column":29}},"64":{"start":{"line":252,"column":19},"end":{"line":255,"column":null}},"65":{"start":{"line":258,"column":4},"end":{"line":269,"column":5}},"66":{"start":{"line":259,"column":6},"end":{"line":264,"column":7}},"67":{"start":{"line":260,"column":25},"end":{"line":260,"column":83}},"68":{"start":{"line":261,"column":8},"end":{"line":263,"column":31}},"69":{"start":{"line":266,"column":6},"end":{"line":268,"column":9}},"70":{"start":{"line":271,"column":4},"end":{"line":271,"column":39}},"71":{"start":{"line":272,"column":4},"end":{"line":272,"column":11}},"72":{"start":{"line":277,"column":2},"end":{"line":323,"column":4}},"73":{"start":{"line":278,"column":16},"end":{"line":278,"column":36}},"74":{"start":{"line":280,"column":4},"end":{"line":286,"column":5}},"75":{"start":{"line":281,"column":23},"end":{"line":281,"column":52}},"76":{"start":{"line":282,"column":6},"end":{"line":285,"column":9}},"77":{"start":{"line":288,"column":4},"end":{"line":294,"column":5}},"78":{"start":{"line":289,"column":23},"end":{"line":289,"column":54}},"79":{"start":{"line":290,"column":6},"end":{"line":293,"column":9}},"80":{"start":{"line":296,"column":44},"end":{"line":296,"column":46}},"81":{"start":{"line":297,"column":4},"end":{"line":299,"column":7}},"82":{"start":{"line":298,"column":6},"end":{"line":298,"column":27}},"83":{"start":{"line":301,"column":19},"end":{"line":304,"column":null}},"84":{"start":{"line":307,"column":4},"end":{"line":320,"column":5}},"85":{"start":{"line":308,"column":6},"end":{"line":314,"column":7}},"86":{"start":{"line":309,"column":25},"end":{"line":309,"column":91}},"87":{"start":{"line":310,"column":8},"end":{"line":313,"column":11}},"88":{"start":{"line":316,"column":6},"end":{"line":319,"column":8}},"89":{"start":{"line":322,"column":4},"end":{"line":322,"column":16}}},"fnMap":{"0":{"name":"(anonymous_0)","decl":{"start":{"line":16,"column":2},"end":{"line":16,"column":14}},"loc":{"start":{"line":16,"column":34},"end":{"line":32,"column":3}}},"1":{"name":"(anonymous_1)","decl":{"start":{"line":28,"column":27},"end":{"line":28,"column":32}},"loc":{"start":{"line":28,"column":35},"end":{"line":31,"column":5}}},"2":{"name":"(anonymous_2)","decl":{"start":{"line":34,"column":10},"end":{"line":34,"column":20}},"loc":{"start":{"line":34,"column":57},"end":{"line":60,"column":3}}},"3":{"name":"(anonymous_3)","decl":{"start":{"line":62,"column":2},"end":{"line":62,"column":23}},"loc":{"start":{"line":62,"column":60},"end":{"line":77,"column":3}}},"4":{"name":"(anonymous_4)","decl":{"start":{"line":79,"column":2},"end":{"line":79,"column":7}},"loc":{"start":{"line":79,"column":75},"end":{"line":95,"column":3}}},"5":{"name":"(anonymous_5)","decl":{"start":{"line":97,"column":2},"end":{"line":97,"column":31}},"loc":{"start":{"line":97,"column":68},"end":{"line":123,"column":3}}},"6":{"name":"(anonymous_6)","decl":{"start":{"line":125,"column":2},"end":{"line":125,"column":7}},"loc":{"start":{"line":128,"column":35},"end":{"line":166,"column":3}}},"7":{"name":"(anonymous_7)","decl":{"start":{"line":168,"column":2},"end":{"line":168,"column":11}},"loc":{"start":{"line":168,"column":11},"end":{"line":170,"column":3}}},"8":{"name":"(anonymous_8)","decl":{"start":{"line":172,"column":2},"end":{"line":172,"column":19}},"loc":{"start":{"line":172,"column":19},"end":{"line":192,"column":3}}},"9":{"name":"(anonymous_9)","decl":{"start":{"line":185,"column":37},"end":{"line":185,"column":42}},"loc":{"start":{"line":185,"column":47},"end":{"line":189,"column":8}}},"10":{"name":"(anonymous_10)","decl":{"start":{"line":194,"column":2},"end":{"line":194,"column":22}},"loc":{"start":{"line":194,"column":22},"end":{"line":209,"column":3}}},"11":{"name":"(anonymous_11)","decl":{"start":{"line":211,"column":2},"end":{"line":211,"column":24}},"loc":{"start":{"line":211,"column":24},"end":{"line":223,"column":3}}},"12":{"name":"createServer","decl":{"start":{"line":226,"column":16},"end":{"line":226,"column":28}},"loc":{"start":{"line":226,"column":49},"end":{"line":228,"column":1}}},"13":{"name":"createExpressMiddleware","decl":{"start":{"line":230,"column":16},"end":{"line":230,"column":39}},"loc":{"start":{"line":230,"column":60},"end":{"line":274,"column":1}}},"14":{"name":"(anonymous_14)","decl":{"start":{"line":231,"column":9},"end":{"line":231,"column":14}},"loc":{"start":{"line":231,"column":49},"end":{"line":273,"column":3}}},"15":{"name":"createFetchMiddleware","decl":{"start":{"line":276,"column":16},"end":{"line":276,"column":37}},"loc":{"start":{"line":276,"column":58},"end":{"line":324,"column":1}}},"16":{"name":"(anonymous_16)","decl":{"start":{"line":277,"column":9},"end":{"line":277,"column":14}},"loc":{"start":{"line":277,"column":62},"end":{"line":323,"column":3}}},"17":{"name":"(anonymous_17)","decl":{"start":{"line":297,"column":28},"end":{"line":297,"column":29}},"loc":{"start":{"line":297,"column":43},"end":{"line":299,"column":5}}}},"branchMap":{"0":{"loc":{"start":{"line":29,"column":21},"end":{"line":29,"column":42}},"type":"binary-expr","locations":[{"start":{"line":29,"column":21},"end":{"line":29,"column":33}},{"start":{"line":29,"column":37},"end":{"line":29,"column":42}}]},"1":{"loc":{"start":{"line":34,"column":35},"end":{"line":34,"column":57}},"type":"default-arg","locations":[{"start":{"line":34,"column":52},"end":{"line":34,"column":57}}]},"2":{"loc":{"start":{"line":38,"column":4},"end":{"line":40,"column":5}},"type":"if","locations":[{"start":{"line":38,"column":4},"end":{"line":40,"column":5}}]},"3":{"loc":{"start":{"line":44,"column":26},"end":{"line":44,"column":47}},"type":"binary-expr","locations":[{"start":{"line":44,"column":26},"end":{"line":44,"column":38}},{"start":{"line":44,"column":42},"end":{"line":44,"column":47}}]},"4":{"loc":{"start":{"line":45,"column":6},"end":{"line":45,"column":43}},"type":"if","locations":[{"start":{"line":45,"column":6},"end":{"line":45,"column":43}}]},"5":{"loc":{"start":{"line":54,"column":6},"end":{"line":56,"column":7}},"type":"if","locations":[{"start":{"line":54,"column":6},"end":{"line":56,"column":7}}]},"6":{"loc":{"start":{"line":62,"column":38},"end":{"line":62,"column":60}},"type":"default-arg","locations":[{"start":{"line":62,"column":55},"end":{"line":62,"column":60}}]},"7":{"loc":{"start":{"line":65,"column":4},"end":{"line":67,"column":5}},"type":"if","locations":[{"start":{"line":65,"column":4},"end":{"line":67,"column":5}}]},"8":{"loc":{"start":{"line":73,"column":14},"end":{"line":73,"column":46}},"type":"binary-expr","locations":[{"start":{"line":73,"column":14},"end":{"line":73,"column":32}},{"start":{"line":73,"column":36},"end":{"line":73,"column":46}}]},"9":{"loc":{"start":{"line":97,"column":46},"end":{"line":97,"column":68}},"type":"default-arg","locations":[{"start":{"line":97,"column":63},"end":{"line":97,"column":68}}]},"10":{"loc":{"start":{"line":104,"column":4},"end":{"line":110,"column":5}},"type":"if","locations":[{"start":{"line":104,"column":4},"end":{"line":110,"column":5}}]},"11":{"loc":{"start":{"line":127,"column":4},"end":{"line":127,"column":26}},"type":"default-arg","locations":[{"start":{"line":127,"column":21},"end":{"line":127,"column":26}}]},"12":{"loc":{"start":{"line":132,"column":4},"end":{"line":134,"column":5}},"type":"if","locations":[{"start":{"line":132,"column":4},"end":{"line":134,"column":5}}]},"13":{"loc":{"start":{"line":136,"column":4},"end":{"line":138,"column":5}},"type":"if","locations":[{"start":{"line":136,"column":4},"end":{"line":138,"column":5}}]},"14":{"loc":{"start":{"line":140,"column":26},"end":{"line":140,"column":70}},"type":"binary-expr","locations":[{"start":{"line":140,"column":26},"end":{"line":140,"column":46}},{"start":{"line":140,"column":50},"end":{"line":140,"column":70}}]},"15":{"loc":{"start":{"line":142,"column":4},"end":{"line":144,"column":5}},"type":"if","locations":[{"start":{"line":142,"column":4},"end":{"line":144,"column":5}}]},"16":{"loc":{"start":{"line":148,"column":16},"end":{"line":150,"column":23}},"type":"cond-expr","locations":[{"start":{"line":149,"column":10},"end":{"line":149,"column":35}},{"start":{"line":150,"column":10},"end":{"line":150,"column":23}}]},"17":{"loc":{"start":{"line":157,"column":4},"end":{"line":163,"column":5}},"type":"if","locations":[{"start":{"line":157,"column":4},"end":{"line":163,"column":5}}]},"18":{"loc":{"start":{"line":160,"column":16},"end":{"line":160,"column":68}},"type":"binary-expr","locations":[{"start":{"line":160,"column":16},"end":{"line":160,"column":35}},{"start":{"line":160,"column":39},"end":{"line":160,"column":68}}]},"19":{"loc":{"start":{"line":175,"column":14},"end":{"line":179,"column":19}},"type":"cond-expr","locations":[{"start":{"line":175,"column":39},"end":{"line":179,"column":8}},{"start":{"line":179,"column":10},"end":{"line":179,"column":19}}]},"20":{"loc":{"start":{"line":182,"column":14},"end":{"line":182,"column":46}},"type":"binary-expr","locations":[{"start":{"line":182,"column":14},"end":{"line":182,"column":32}},{"start":{"line":182,"column":36},"end":{"line":182,"column":46}}]},"21":{"loc":{"start":{"line":187,"column":16},"end":{"line":187,"column":37}},"type":"binary-expr","locations":[{"start":{"line":187,"column":16},"end":{"line":187,"column":28}},{"start":{"line":187,"column":32},"end":{"line":187,"column":37}}]},"22":{"loc":{"start":{"line":236,"column":22},"end":{"line":236,"column":39}},"type":"binary-expr","locations":[{"start":{"line":236,"column":22},"end":{"line":236,"column":33}},{"start":{"line":236,"column":37},"end":{"line":236,"column":39}}]},"23":{"loc":{"start":{"line":238,"column":4},"end":{"line":243,"column":5}},"type":"if","locations":[{"start":{"line":238,"column":4},"end":{"line":243,"column":5}}]},"24":{"loc":{"start":{"line":238,"column":8},"end":{"line":238,"column":56}},"type":"binary-expr","locations":[{"start":{"line":238,"column":8},"end":{"line":238,"column":30}},{"start":{"line":238,"column":34},"end":{"line":238,"column":56}}]},"25":{"loc":{"start":{"line":245,"column":4},"end":{"line":250,"column":5}},"type":"if","locations":[{"start":{"line":245,"column":4},"end":{"line":250,"column":5}}]},"26":{"loc":{"start":{"line":258,"column":4},"end":{"line":269,"column":5}},"type":"if","locations":[{"start":{"line":258,"column":4},"end":{"line":269,"column":5}}]},"27":{"loc":{"start":{"line":259,"column":6},"end":{"line":264,"column":7}},"type":"if","locations":[{"start":{"line":259,"column":6},"end":{"line":264,"column":7}}]},"28":{"loc":{"start":{"line":267,"column":15},"end":{"line":267,"column":61}},"type":"binary-expr","locations":[{"start":{"line":267,"column":15},"end":{"line":267,"column":28}},{"start":{"line":267,"column":32},"end":{"line":267,"column":61}}]},"29":{"loc":{"start":{"line":280,"column":4},"end":{"line":286,"column":5}},"type":"if","locations":[{"start":{"line":280,"column":4},"end":{"line":286,"column":5}}]},"30":{"loc":{"start":{"line":280,"column":8},"end":{"line":280,"column":64}},"type":"binary-expr","locations":[{"start":{"line":280,"column":8},"end":{"line":280,"column":34}},{"start":{"line":280,"column":38},"end":{"line":280,"column":64}}]},"31":{"loc":{"start":{"line":288,"column":4},"end":{"line":294,"column":5}},"type":"if","locations":[{"start":{"line":288,"column":4},"end":{"line":294,"column":5}}]},"32":{"loc":{"start":{"line":307,"column":4},"end":{"line":320,"column":5}},"type":"if","locations":[{"start":{"line":307,"column":4},"end":{"line":320,"column":5}}]},"33":{"loc":{"start":{"line":308,"column":6},"end":{"line":314,"column":7}},"type":"if","locations":[{"start":{"line":308,"column":6},"end":{"line":314,"column":7}}]},"34":{"loc":{"start":{"line":317,"column":32},"end":{"line":317,"column":78}},"type":"binary-expr","locations":[{"start":{"line":317,"column":32},"end":{"line":317,"column":45}},{"start":{"line":317,"column":49},"end":{"line":317,"column":78}}]}},"s":{"0":1,"1":1,"2":1,"3":1,"4":24,"5":24,"6":24,"7":24,"8":24,"9":129,"10":129,"11":22,"12":22,"13":22,"14":13,"15":9,"16":59,"17":59,"18":6,"19":53,"20":53,"21":53,"22":3,"23":6,"24":22,"25":22,"26":6,"27":16,"28":0,"29":0,"30":2,"31":2,"32":1,"33":1,"34":4,"35":4,"36":1,"37":3,"38":1,"39":2,"40":2,"41":1,"42":1,"43":1,"44":1,"45":0,"46":0,"47":0,"48":0,"49":0,"50":4,"51":5,"52":1,"53":1,"54":1,"55":24,"56":0,"57":0,"58":0,"59":0,"60":0,"61":0,"62":0,"63":0,"64":0,"65":0,"66":0,"67":0,"68":0,"69":0,"70":0,"71":0,"72":0,"73":0,"74":0,"75":0,"76":0,"77":0,"78":0,"79":0,"80":0,"81":0,"82":0,"83":0,"84":0,"85":0,"86":0,"87":0,"88":0,"89":0},"f":{"0":24,"1":129,"2":22,"3":22,"4":0,"5":2,"6":4,"7":0,"8":4,"9":5,"10":1,"11":1,"12":24,"13":0,"14":0,"15":0,"16":0,"17":0},"b":{"0":[129,22],"1":[0],"2":[13],"3":[59,4],"4":[6],"5":[3],"6":[0],"7":[6],"8":[16,15],"9":[0],"10":[1],"11":[0],"12":[1],"13":[1],"14":[2,1],"15":[1],"16":[1,0],"17":[0],"18":[0,0],"19":[3,1],"20":[4,3],"21":[5,5],"22":[0,0],"23":[0],"24":[0,0],"25":[0],"26":[0],"27":[0],"28":[0,0],"29":[0],"30":[0,0],"31":[0],"32":[0],"33":[0],"34":[0,0]}}
,"/home/neo/github/spl402/sdk/src/types.ts": {"path":"/home/neo/github/spl402/sdk/src/types.ts","statementMap":{"0":{"start":{"line":3,"column":13},"end":{"line":3,"column":32}}},"fnMap":{},"branchMap":{},"s":{"0":1},"f":{},"b":{}}
,"/home/neo/github/spl402/sdk/src/utils.ts": {"path":"/home/neo/github/spl402/sdk/src/utils.ts","statementMap":{"0":{"start":{"line":5,"column":0},"end":{"line":5,"column":16}},"1":{"start":{"line":20,"column":0},"end":{"line":20,"column":16}},"2":{"start":{"line":25,"column":0},"end":{"line":25,"column":16}},"3":{"start":{"line":34,"column":0},"end":{"line":34,"column":16}},"4":{"start":{"line":43,"column":0},"end":{"line":43,"column":16}},"5":{"start":{"line":47,"column":0},"end":{"line":47,"column":16}},"6":{"start":{"line":51,"column":0},"end":{"line":51,"column":16}},"7":{"start":{"line":55,"column":0},"end":{"line":55,"column":16}},"8":{"start":{"line":59,"column":0},"end":{"line":59,"column":16}},"9":{"start":{"line":1,"column":0},"end":{"line":1,"column":69}},"10":{"start":{"line":2,"column":0},"end":{"line":2,"column":24}},"11":{"start":{"line":6,"column":2},"end":{"line":6,"column":40}},"12":{"start":{"line":6,"column":20},"end":{"line":6,"column":40}},"13":{"start":{"line":8,"column":2},"end":{"line":17,"column":3}},"14":{"start":{"line":10,"column":6},"end":{"line":10,"column":51}},"15":{"start":{"line":12,"column":6},"end":{"line":12,"column":45}},"16":{"start":{"line":14,"column":6},"end":{"line":14,"column":46}},"17":{"start":{"line":16,"column":6},"end":{"line":16,"column":53}},"18":{"start":{"line":21,"column":17},"end":{"line":21,"column":49}},"19":{"start":{"line":22,"column":2},"end":{"line":22,"column":45}},"20":{"start":{"line":26,"column":2},"end":{"line":31,"column":3}},"21":{"start":{"line":27,"column":4},"end":{"line":27,"column":27}},"22":{"start":{"line":28,"column":4},"end":{"line":28,"column":16}},"23":{"start":{"line":30,"column":4},"end":{"line":30,"column":17}},"24":{"start":{"line":35,"column":2},"end":{"line":40,"column":3}},"25":{"start":{"line":36,"column":20},"end":{"line":36,"column":42}},"26":{"start":{"line":37,"column":4},"end":{"line":37,"column":33}},"27":{"start":{"line":39,"column":4},"end":{"line":39,"column":17}},"28":{"start":{"line":44,"column":2},"end":{"line":44,"column":34}},"29":{"start":{"line":48,"column":2},"end":{"line":48,"column":41}},"30":{"start":{"line":52,"column":2},"end":{"line":52,"column":61}},"31":{"start":{"line":56,"column":2},"end":{"line":56,"column":53}},"32":{"start":{"line":60,"column":2},"end":{"line":60,"column":44}}},"fnMap":{"0":{"name":"getRpcUrl","decl":{"start":{"line":5,"column":16},"end":{"line":5,"column":25}},"loc":{"start":{"line":5,"column":71},"end":{"line":18,"column":1}}},"1":{"name":"createConnection","decl":{"start":{"line":20,"column":16},"end":{"line":20,"column":32}},"loc":{"start":{"line":20,"column":78},"end":{"line":23,"column":1}}},"2":{"name":"validatePublicKey","decl":{"start":{"line":25,"column":16},"end":{"line":25,"column":33}},"loc":{"start":{"line":25,"column":49},"end":{"line":32,"column":1}}},"3":{"name":"validateSignature","decl":{"start":{"line":34,"column":16},"end":{"line":34,"column":33}},"loc":{"start":{"line":34,"column":51},"end":{"line":41,"column":1}}},"4":{"name":"lamportsToSol","decl":{"start":{"line":43,"column":16},"end":{"line":43,"column":29}},"loc":{"start":{"line":43,"column":46},"end":{"line":45,"column":1}}},"5":{"name":"solToLamports","decl":{"start":{"line":47,"column":16},"end":{"line":47,"column":29}},"loc":{"start":{"line":47,"column":41},"end":{"line":49,"column":1}}},"6":{"name":"formatAmount","decl":{"start":{"line":51,"column":16},"end":{"line":51,"column":28}},"loc":{"start":{"line":51,"column":65},"end":{"line":53,"column":1}}},"7":{"name":"toTokenAmount","decl":{"start":{"line":55,"column":16},"end":{"line":55,"column":29}},"loc":{"start":{"line":55,"column":62},"end":{"line":57,"column":1}}},"8":{"name":"fromTokenAmount","decl":{"start":{"line":59,"column":16},"end":{"line":59,"column":31}},"loc":{"start":{"line":59,"column":67},"end":{"line":61,"column":1}}}},"branchMap":{"0":{"loc":{"start":{"line":6,"column":2},"end":{"line":6,"column":40}},"type":"if","locations":[{"start":{"line":6,"column":2},"end":{"line":6,"column":40}}]},"1":{"loc":{"start":{"line":8,"column":2},"end":{"line":17,"column":3}},"type":"switch","locations":[{"start":{"line":9,"column":4},"end":{"line":10,"column":51}},{"start":{"line":11,"column":4},"end":{"line":12,"column":45}},{"start":{"line":13,"column":4},"end":{"line":14,"column":46}},{"start":{"line":15,"column":4},"end":{"line":16,"column":53}}]},"2":{"loc":{"start":{"line":51,"column":45},"end":{"line":51,"column":65}},"type":"default-arg","locations":[{"start":{"line":51,"column":64},"end":{"line":51,"column":65}}]}},"s":{"0":3,"1":3,"2":3,"3":3,"4":3,"5":3,"6":3,"7":3,"8":3,"9":3,"10":3,"11":11,"12":2,"13":9,"14":1,"15":6,"16":1,"17":1,"18":6,"19":6,"20":19,"21":19,"22":12,"23":7,"24":13,"25":13,"26":11,"27":2,"28":7,"29":8,"30":4,"31":10,"32":4},"f":{"0":11,"1":6,"2":19,"3":13,"4":7,"5":8,"6":4,"7":10,"8":4},"b":{"0":[2],"1":[1,6,1,1],"2":[1]}}
,"/home/neo/github/spl402/sdk/src/verify.ts": {"path":"/home/neo/github/spl402/sdk/src/verify.ts","statementMap":{"0":{"start":{"line":56,"column":0},"end":{"line":56,"column":7}},"1":{"start":{"line":1,"column":0},"end":{"line":1,"column":44}},"2":{"start":{"line":9,"column":0},"end":{"line":9,"column":111}},"3":{"start":{"line":11,"column":27},"end":{"line":11,"column":40}},"4":{"start":{"line":12,"column":25},"end":{"line":12,"column":85}},"5":{"start":{"line":15,"column":10},"end":{"line":15,"column":83}},"6":{"start":{"line":16,"column":19},"end":{"line":16,"column":42}},"7":{"start":{"line":17,"column":19},"end":{"line":17,"column":35}},"8":{"start":{"line":20,"column":18},"end":{"line":20,"column":43}},"9":{"start":{"line":21,"column":4},"end":{"line":21,"column":29}},"10":{"start":{"line":21,"column":16},"end":{"line":21,"column":29}},"11":{"start":{"line":23,"column":4},"end":{"line":26,"column":5}},"12":{"start":{"line":24,"column":6},"end":{"line":24,"column":35}},"13":{"start":{"line":25,"column":6},"end":{"line":25,"column":19}},"14":{"start":{"line":28,"column":4},"end":{"line":28,"column":16}},"15":{"start":{"line":32,"column":4},"end":{"line":37,"column":5}},"16":{"start":{"line":33,"column":24},"end":{"line":33,"column":54}},"17":{"start":{"line":34,"column":6},"end":{"line":36,"column":7}},"18":{"start":{"line":35,"column":8},"end":{"line":35,"column":37}},"19":{"start":{"line":39,"column":4},"end":{"line":42,"column":7}},"20":{"start":{"line":46,"column":4},"end":{"line":46,"column":23}},"21":{"start":{"line":50,"column":4},"end":{"line":50,"column":27}},"22":{"start":{"line":54,"column":23},"end":{"line":54,"column":43}},"23":{"start":{"line":63,"column":2},"end":{"line":65,"column":3}},"24":{"start":{"line":64,"column":4},"end":{"line":64,"column":67}},"25":{"start":{"line":67,"column":2},"end":{"line":69,"column":3}},"26":{"start":{"line":68,"column":4},"end":{"line":68,"column":56}},"27":{"start":{"line":71,"column":2},"end":{"line":73,"column":3}},"28":{"start":{"line":72,"column":4},"end":{"line":72,"column":65}},"29":{"start":{"line":75,"column":2},"end":{"line":79,"column":3}},"30":{"start":{"line":76,"column":4},"end":{"line":76,"column":112}},"31":{"start":{"line":77,"column":9},"end":{"line":79,"column":3}},"32":{"start":{"line":78,"column":4},"end":{"line":78,"column":132}},"33":{"start":{"line":81,"column":2},"end":{"line":81,"column":64}},"34":{"start":{"line":90,"column":2},"end":{"line":92,"column":3}},"35":{"start":{"line":91,"column":4},"end":{"line":91,"column":69}},"36":{"start":{"line":94,"column":2},"end":{"line":96,"column":3}},"37":{"start":{"line":95,"column":4},"end":{"line":95,"column":86}},"38":{"start":{"line":98,"column":14},"end":{"line":98,"column":24}},"39":{"start":{"line":99,"column":2},"end":{"line":101,"column":3}},"40":{"start":{"line":100,"column":4},"end":{"line":100,"column":65}},"41":{"start":{"line":103,"column":2},"end":{"line":156,"column":3}},"42":{"start":{"line":104,"column":23},"end":{"line":104,"column":48}},"43":{"start":{"line":105,"column":15},"end":{"line":107,"column":6}},"44":{"start":{"line":109,"column":4},"end":{"line":111,"column":5}},"45":{"start":{"line":110,"column":6},"end":{"line":110,"column":72}},"46":{"start":{"line":113,"column":4},"end":{"line":115,"column":5}},"47":{"start":{"line":114,"column":6},"end":{"line":114,"column":69}},"48":{"start":{"line":117,"column":36},"end":{"line":117,"column":68}},"49":{"start":{"line":118,"column":24},"end":{"line":118,"column":50}},"50":{"start":{"line":119,"column":25},"end":{"line":119,"column":52}},"51":{"start":{"line":120,"column":24},"end":{"line":120,"column":81}},"52":{"start":{"line":122,"column":25},"end":{"line":122,"column":27}},"53":{"start":{"line":124,"column":4},"end":{"line":126,"column":7}},"54":{"start":{"line":125,"column":6},"end":{"line":125,"column":70}},"55":{"start":{"line":125,"column":47},"end":{"line":125,"column":70}},"56":{"start":{"line":128,"column":4},"end":{"line":130,"column":5}},"57":{"start":{"line":129,"column":6},"end":{"line":129,"column":85}},"58":{"start":{"line":132,"column":30},"end":{"line":134,"column":9}},"59":{"start":{"line":136,"column":29},"end":{"line":136,"column":58}},"60":{"start":{"line":138,"column":4},"end":{"line":143,"column":5}},"61":{"start":{"line":139,"column":6},"end":{"line":142,"column":8}},"62":{"start":{"line":145,"column":4},"end":{"line":145,"column":48}},"63":{"start":{"line":147,"column":4},"end":{"line":150,"column":6}},"64":{"start":{"line":152,"column":4},"end":{"line":155,"column":6}},"65":{"start":{"line":166,"column":2},"end":{"line":168,"column":3}},"66":{"start":{"line":167,"column":4},"end":{"line":167,"column":69}},"67":{"start":{"line":170,"column":2},"end":{"line":172,"column":3}},"68":{"start":{"line":171,"column":4},"end":{"line":171,"column":77}},"69":{"start":{"line":174,"column":2},"end":{"line":176,"column":3}},"70":{"start":{"line":175,"column":4},"end":{"line":175,"column":86}},"71":{"start":{"line":178,"column":14},"end":{"line":178,"column":24}},"72":{"start":{"line":179,"column":2},"end":{"line":181,"column":3}},"73":{"start":{"line":180,"column":4},"end":{"line":180,"column":65}},"74":{"start":{"line":183,"column":2},"end":{"line":274,"column":3}},"75":{"start":{"line":184,"column":23},"end":{"line":184,"column":48}},"76":{"start":{"line":185,"column":15},"end":{"line":187,"column":6}},"77":{"start":{"line":189,"column":4},"end":{"line":191,"column":5}},"78":{"start":{"line":190,"column":6},"end":{"line":190,"column":72}},"79":{"start":{"line":193,"column":4},"end":{"line":195,"column":5}},"80":{"start":{"line":194,"column":6},"end":{"line":194,"column":69}},"81":{"start":{"line":197,"column":24},"end":{"line":197,"column":81}},"82":{"start":{"line":198,"column":25},"end":{"line":198,"column":68}},"83":{"start":{"line":199,"column":36},"end":{"line":199,"column":68}},"84":{"start":{"line":200,"column":31},"end":{"line":200,"column":58}},"85":{"start":{"line":202,"column":29},"end":{"line":202,"column":34}},"86":{"start":{"line":203,"column":25},"end":{"line":203,"column":26}},"87":{"start":{"line":204,"column":34},"end":{"line":204,"column":36}},"88":{"start":{"line":206,"column":4},"end":{"line":220,"column":5}},"89":{"start":{"line":207,"column":29},"end":{"line":207,"column":46}},"90":{"start":{"line":208,"column":24},"end":{"line":208,"column":51}},"91":{"start":{"line":210,"column":6},"end":{"line":210,"column":56}},"92":{"start":{"line":210,"column":47},"end":{"line":210,"column":56}},"93":{"start":{"line":212,"column":19},"end":{"line":212,"column":39}},"94":{"start":{"line":214,"column":6},"end":{"line":219,"column":7}},"95":{"start":{"line":215,"column":8},"end":{"line":215,"column":57}},"96":{"start":{"line":216,"column":8},"end":{"line":216,"column":58}},"97":{"start":{"line":217,"column":8},"end":{"line":217,"column":34}},"98":{"start":{"line":218,"column":8},"end":{"line":218,"column":14}},"99":{"start":{"line":222,"column":4},"end":{"line":224,"column":5}},"100":{"start":{"line":223,"column":6},"end":{"line":223,"column":78}},"101":{"start":{"line":226,"column":31},"end":{"line":226,"column":67}},"102":{"start":{"line":227,"column":35},"end":{"line":227,"column":86}},"103":{"start":{"line":229,"column":4},"end":{"line":231,"column":5}},"104":{"start":{"line":230,"column":6},"end":{"line":230,"column":77}},"105":{"start":{"line":233,"column":35},"end":{"line":233,"column":37}},"106":{"start":{"line":234,"column":29},"end":{"line":234,"column":130}},"107":{"start":{"line":236,"column":4},"end":{"line":241,"column":5}},"108":{"start":{"line":237,"column":6},"end":{"line":240,"column":8}},"109":{"start":{"line":243,"column":23},"end":{"line":243,"column":24}},"110":{"start":{"line":244,"column":23},"end":{"line":244,"column":100}},"111":{"start":{"line":246,"column":4},"end":{"line":251,"column":5}},"112":{"start":{"line":247,"column":6},"end":{"line":250,"column":8}},"113":{"start":{"line":253,"column":30},"end":{"line":253,"column":74}},"114":{"start":{"line":255,"column":4},"end":{"line":261,"column":5}},"115":{"start":{"line":256,"column":31},"end":{"line":256,"column":98}},"116":{"start":{"line":257,"column":6},"end":{"line":260,"column":8}},"117":{"start":{"line":263,"column":4},"end":{"line":263,"column":48}},"118":{"start":{"line":265,"column":4},"end":{"line":268,"column":6}},"119":{"start":{"line":270,"column":4},"end":{"line":273,"column":6}}},"fnMap":{"0":{"name":"(anonymous_0)","decl":{"start":{"line":14,"column":0},"end":{"line":14,"column":6}},"loc":{"start":{"line":14,"column":0},"end":{"line":52,"column":1}}},"1":{"name":"(anonymous_1)","decl":{"start":{"line":19,"column":2},"end":{"line":19,"column":5}},"loc":{"start":{"line":19,"column":23},"end":{"line":29,"column":3}}},"2":{"name":"(anonymous_2)","decl":{"start":{"line":31,"column":2},"end":{"line":31,"column":5}},"loc":{"start":{"line":31,"column":49},"end":{"line":43,"column":3}}},"3":{"name":"(anonymous_3)","decl":{"start":{"line":45,"column":2},"end":{"line":45,"column":7}},"loc":{"start":{"line":45,"column":7},"end":{"line":47,"column":3}}},"4":{"name":"(anonymous_4)","decl":{"start":{"line":49,"column":2},"end":{"line":49,"column":6}},"loc":{"start":{"line":49,"column":6},"end":{"line":51,"column":3}}},"5":{"name":"verifyPayment","decl":{"start":{"line":56,"column":22},"end":{"line":56,"column":35}},"loc":{"start":{"line":61,"column":19},"end":{"line":82,"column":1}}},"6":{"name":"verifyTransfer","decl":{"start":{"line":84,"column":15},"end":{"line":84,"column":29}},"loc":{"start":{"line":88,"column":24},"end":{"line":157,"column":1}}},"7":{"name":"(anonymous_7)","decl":{"start":{"line":124,"column":24},"end":{"line":124,"column":25}},"loc":{"start":{"line":124,"column":39},"end":{"line":126,"column":5}}},"8":{"name":"verifyTokenTransfer","decl":{"start":{"line":159,"column":15},"end":{"line":159,"column":34}},"loc":{"start":{"line":164,"column":19},"end":{"line":275,"column":1}}}},"branchMap":{"0":{"loc":{"start":{"line":21,"column":4},"end":{"line":21,"column":29}},"type":"if","locations":[{"start":{"line":21,"column":4},"end":{"line":21,"column":29}}]},"1":{"loc":{"start":{"line":23,"column":4},"end":{"line":26,"column":5}},"type":"if","locations":[{"start":{"line":23,"column":4},"end":{"line":26,"column":5}}]},"2":{"loc":{"start":{"line":31,"column":25},"end":{"line":31,"column":49}},"type":"default-arg","locations":[{"start":{"line":31,"column":45},"end":{"line":31,"column":49}}]},"3":{"loc":{"start":{"line":32,"column":4},"end":{"line":37,"column":5}},"type":"if","locations":[{"start":{"line":32,"column":4},"end":{"line":37,"column":5}}]},"4":{"loc":{"start":{"line":34,"column":6},"end":{"line":36,"column":7}},"type":"if","locations":[{"start":{"line":34,"column":6},"end":{"line":36,"column":7}}]},"5":{"loc":{"start":{"line":63,"column":2},"end":{"line":65,"column":3}},"type":"if","locations":[{"start":{"line":63,"column":2},"end":{"line":65,"column":3}}]},"6":{"loc":{"start":{"line":67,"column":2},"end":{"line":69,"column":3}},"type":"if","locations":[{"start":{"line":67,"column":2},"end":{"line":69,"column":3}}]},"7":{"loc":{"start":{"line":71,"column":2},"end":{"line":73,"column":3}},"type":"if","locations":[{"start":{"line":71,"column":2},"end":{"line":73,"column":3}}]},"8":{"loc":{"start":{"line":75,"column":2},"end":{"line":79,"column":3}},"type":"if","locations":[{"start":{"line":75,"column":2},"end":{"line":79,"column":3}},{"start":{"line":77,"column":9},"end":{"line":79,"column":3}}]},"9":{"loc":{"start":{"line":77,"column":9},"end":{"line":79,"column":3}},"type":"if","locations":[{"start":{"line":77,"column":9},"end":{"line":79,"column":3}}]},"10":{"loc":{"start":{"line":90,"column":2},"end":{"line":92,"column":3}},"type":"if","locations":[{"start":{"line":90,"column":2},"end":{"line":92,"column":3}}]},"11":{"loc":{"start":{"line":94,"column":2},"end":{"line":96,"column":3}},"type":"if","locations":[{"start":{"line":94,"column":2},"end":{"line":96,"column":3}}]},"12":{"loc":{"start":{"line":99,"column":2},"end":{"line":101,"column":3}},"type":"if","locations":[{"start":{"line":99,"column":2},"end":{"line":101,"column":3}}]},"13":{"loc":{"start":{"line":109,"column":4},"end":{"line":111,"column":5}},"type":"if","locations":[{"start":{"line":109,"column":4},"end":{"line":111,"column":5}}]},"14":{"loc":{"start":{"line":113,"column":4},"end":{"line":115,"column":5}},"type":"if","locations":[{"start":{"line":113,"column":4},"end":{"line":115,"column":5}}]},"15":{"loc":{"start":{"line":118,"column":24},"end":{"line":118,"column":50}},"type":"binary-expr","locations":[{"start":{"line":118,"column":24},"end":{"line":118,"column":44}},{"start":{"line":118,"column":48},"end":{"line":118,"column":50}}]},"16":{"loc":{"start":{"line":119,"column":25},"end":{"line":119,"column":52}},"type":"binary-expr","locations":[{"start":{"line":119,"column":25},"end":{"line":119,"column":46}},{"start":{"line":119,"column":50},"end":{"line":119,"column":52}}]},"17":{"loc":{"start":{"line":125,"column":6},"end":{"line":125,"column":70}},"type":"if","locations":[{"start":{"line":125,"column":6},"end":{"line":125,"column":70}}]},"18":{"loc":{"start":{"line":128,"column":4},"end":{"line":130,"column":5}},"type":"if","locations":[{"start":{"line":128,"column":4},"end":{"line":130,"column":5}}]},"19":{"loc":{"start":{"line":132,"column":30},"end":{"line":134,"column":9}},"type":"cond-expr","locations":[{"start":{"line":133,"column":8},"end":{"line":133,"column":66}},{"start":{"line":134,"column":8},"end":{"line":134,"column":9}}]},"20":{"loc":{"start":{"line":132,"column":30},"end":{"line":132,"column":117}},"type":"binary-expr","locations":[{"start":{"line":132,"column":30},"end":{"line":132,"column":71}},{"start":{"line":132,"column":75},"end":{"line":132,"column":117}}]},"21":{"loc":{"start":{"line":138,"column":4},"end":{"line":143,"column":5}},"type":"if","locations":[{"start":{"line":138,"column":4},"end":{"line":143,"column":5}}]},"22":{"loc":{"start":{"line":154,"column":37},"end":{"line":154,"column":93}},"type":"cond-expr","locations":[{"start":{"line":154,"column":62},"end":{"line":154,"column":75}},{"start":{"line":154,"column":78},"end":{"line":154,"column":93}}]},"23":{"loc":{"start":{"line":166,"column":2},"end":{"line":168,"column":3}},"type":"if","locations":[{"start":{"line":166,"column":2},"end":{"line":168,"column":3}}]},"24":{"loc":{"start":{"line":170,"column":2},"end":{"line":172,"column":3}},"type":"if","locations":[{"start":{"line":170,"column":2},"end":{"line":172,"column":3}}]},"25":{"loc":{"start":{"line":174,"column":2},"end":{"line":176,"column":3}},"type":"if","locations":[{"start":{"line":174,"column":2},"end":{"line":176,"column":3}}]},"26":{"loc":{"start":{"line":179,"column":2},"end":{"line":181,"column":3}},"type":"if","locations":[{"start":{"line":179,"column":2},"end":{"line":181,"column":3}}]},"27":{"loc":{"start":{"line":189,"column":4},"end":{"line":191,"column":5}},"type":"if","locations":[{"start":{"line":189,"column":4},"end":{"line":191,"column":5}}]},"28":{"loc":{"start":{"line":193,"column":4},"end":{"line":195,"column":5}},"type":"if","locations":[{"start":{"line":193,"column":4},"end":{"line":195,"column":5}}]},"29":{"loc":{"start":{"line":210,"column":6},"end":{"line":210,"column":56}},"type":"if","locations":[{"start":{"line":210,"column":6},"end":{"line":210,"column":56}}]},"30":{"loc":{"start":{"line":214,"column":6},"end":{"line":219,"column":7}},"type":"if","locations":[{"start":{"line":214,"column":6},"end":{"line":219,"column":7}}]},"31":{"loc":{"start":{"line":214,"column":10},"end":{"line":214,"column":63}},"type":"binary-expr","locations":[{"start":{"line":214,"column":10},"end":{"line":214,"column":26}},{"start":{"line":214,"column":31},"end":{"line":214,"column":44}},{"start":{"line":214,"column":48},"end":{"line":214,"column":62}}]},"32":{"loc":{"start":{"line":222,"column":4},"end":{"line":224,"column":5}},"type":"if","locations":[{"start":{"line":222,"column":4},"end":{"line":224,"column":5}}]},"33":{"loc":{"start":{"line":222,"column":8},"end":{"line":222,"column":61}},"type":"binary-expr","locations":[{"start":{"line":222,"column":8},"end":{"line":222,"column":27}},{"start":{"line":222,"column":31},"end":{"line":222,"column":61}}]},"34":{"loc":{"start":{"line":229,"column":4},"end":{"line":231,"column":5}},"type":"if","locations":[{"start":{"line":229,"column":4},"end":{"line":231,"column":5}}]},"35":{"loc":{"start":{"line":236,"column":4},"end":{"line":241,"column":5}},"type":"if","locations":[{"start":{"line":236,"column":4},"end":{"line":241,"column":5}}]},"36":{"loc":{"start":{"line":246,"column":4},"end":{"line":251,"column":5}},"type":"if","locations":[{"start":{"line":246,"column":4},"end":{"line":251,"column":5}}]},"37":{"loc":{"start":{"line":253,"column":60},"end":{"line":253,"column":73}},"type":"binary-expr","locations":[{"start":{"line":253,"column":60},"end":{"line":253,"column":68}},{"start":{"line":253,"column":72},"end":{"line":253,"column":73}}]},"38":{"loc":{"start":{"line":255,"column":4},"end":{"line":261,"column":5}},"type":"if","locations":[{"start":{"line":255,"column":4},"end":{"line":261,"column":5}}]},"39":{"loc":{"start":{"line":256,"column":31},"end":{"line":256,"column":98}},"type":"cond-expr","locations":[{"start":{"line":256,"column":42},"end":{"line":256,"column":81}},{"start":{"line":256,"column":84},"end":{"line":256,"column":98}}]},"40":{"loc":{"start":{"line":272,"column":37},"end":{"line":272,"column":93}},"type":"cond-expr","locations":[{"start":{"line":272,"column":62},"end":{"line":272,"column":75}},{"start":{"line":272,"column":78},"end":{"line":272,"column":93}}]}},"s":{"0":2,"1":2,"2":2,"3":2,"4":2,"5":2,"6":2,"7":2,"8":6,"9":6,"10":6,"11":0,"12":0,"13":0,"14":0,"15":0,"16":0,"17":0,"18":0,"19":0,"20":0,"21":0,"22":2,"23":13,"24":1,"25":12,"26":1,"27":11,"28":1,"29":10,"30":7,"31":3,"32":2,"33":1,"34":7,"35":2,"36":5,"37":0,"38":5,"39":5,"40":2,"41":3,"42":3,"43":3,"44":3,"45":3,"46":0,"47":0,"48":0,"49":0,"50":0,"51":0,"52":0,"53":0,"54":0,"55":0,"56":0,"57":0,"58":0,"59":0,"60":0,"61":0,"62":0,"63":0,"64":0,"65":2,"66":0,"67":2,"68":1,"69":1,"70":0,"71":1,"72":1,"73":0,"74":1,"75":1,"76":1,"77":1,"78":1,"79":0,"80":0,"81":0,"82":0,"83":0,"84":0,"85":0,"86":0,"87":0,"88":0,"89":0,"90":0,"91":0,"92":0,"93":0,"94":0,"95":0,"96":0,"97":0,"98":0,"99":0,"100":0,"101":0,"102":0,"103":0,"104":0,"105":0,"106":0,"107":0,"108":0,"109":0,"110":0,"111":0,"112":0,"113":0,"114":0,"115":0,"116":0,"117":0,"118":0,"119":0},"f":{"0":2,"1":6,"2":0,"3":0,"4":0,"5":13,"6":7,"7":0,"8":2},"b":{"0":[6],"1":[0],"2":[0],"3":[0],"4":[0],"5":[1],"6":[1],"7":[1],"8":[7,3],"9":[2],"10":[2],"11":[0],"12":[2],"13":[3],"14":[0],"15":[0,0],"16":[0,0],"17":[0],"18":[0],"19":[0,0],"20":[0,0],"21":[0],"22":[0,0],"23":[0],"24":[1],"25":[0],"26":[0],"27":[1],"28":[0],"29":[0],"30":[0],"31":[0,0,0],"32":[0],"33":[0,0],"34":[0],"35":[0],"36":[0],"37":[0,0],"38":[0],"39":[0,0],"40":[0,0]}}
}
