TN:
SF:src/server.ts
FN:16,(anonymous_0)
FN:28,(anonymous_1)
FN:34,(anonymous_2)
FN:62,(anonymous_3)
FN:79,(anonymous_4)
FN:97,(anonymous_5)
FN:125,(anonymous_6)
FN:168,(anonymous_7)
FN:172,(anonymous_8)
FN:185,(anonymous_9)
FN:194,(anonymous_10)
FN:211,(anonymous_11)
FN:226,createServer
FN:230,createExpressMiddleware
FN:231,(anonymous_14)
FN:276,createFetchMiddleware
FN:277,(anonymous_16)
FN:297,(anonymous_17)
FNF:18
FNH:11
FNDA:24,(anonymous_0)
FNDA:129,(anonymous_1)
FNDA:22,(anonymous_2)
FNDA:22,(anonymous_3)
FNDA:0,(anonymous_4)
FNDA:2,(anonymous_5)
FNDA:4,(anonymous_6)
FNDA:0,(anonymous_7)
FNDA:4,(anonymous_8)
FNDA:5,(anonymous_9)
FNDA:1,(anonymous_10)
FNDA:1,(anonymous_11)
FNDA:24,createServer
FNDA:0,createExpressMiddleware
FNDA:0,(anonymous_14)
FNDA:0,createFetchMiddleware
FNDA:0,(anonymous_16)
FNDA:0,(anonymous_17)
DA:9,1
DA:11,1
DA:17,24
DA:18,24
DA:20,24
DA:26,24
DA:28,24
DA:29,129
DA:30,129
DA:36,22
DA:37,22
DA:38,22
DA:39,13
DA:43,9
DA:44,59
DA:45,59
DA:49,53
DA:53,53
DA:54,53
DA:55,3
DA:59,6
DA:63,22
DA:65,22
DA:66,6
DA:69,16
DA:83,0
DA:91,0
DA:102,2
DA:104,2
DA:105,1
DA:112,1
DA:130,4
DA:132,4
DA:133,1
DA:136,3
DA:137,1
DA:140,2
DA:142,2
DA:143,1
DA:147,1
DA:148,1
DA:152,1
DA:155,0
DA:157,0
DA:158,0
DA:165,0
DA:169,0
DA:173,4
DA:185,5
DA:199,1
DA:216,1
DA:226,1
DA:227,24
DA:230,1
DA:231,0
DA:236,0
DA:238,0
DA:239,0
DA:240,0
DA:245,0
DA:246,0
DA:247,0
DA:252,0
DA:258,0
DA:259,0
DA:260,0
DA:261,0
DA:266,0
DA:271,0
DA:272,0
DA:276,1
DA:277,0
DA:278,0
DA:280,0
DA:281,0
DA:282,0
DA:288,0
DA:289,0
DA:290,0
DA:296,0
DA:297,0
DA:298,0
DA:301,0
DA:307,0
DA:308,0
DA:309,0
DA:310,0
DA:316,0
DA:322,0
LF:89
LH:48
BRDA:29,0,0,129
BRDA:29,0,1,22
BRDA:34,1,0,0
BRDA:38,2,0,13
BRDA:44,3,0,59
BRDA:44,3,1,4
BRDA:45,4,0,6
BRDA:54,5,0,3
BRDA:62,6,0,0
BRDA:65,7,0,6
BRDA:73,8,0,16
BRDA:73,8,1,15
BRDA:97,9,0,0
BRDA:104,10,0,1
BRDA:127,11,0,0
BRDA:132,12,0,1
BRDA:136,13,0,1
BRDA:140,14,0,2
BRDA:140,14,1,1
BRDA:142,15,0,1
BRDA:148,16,0,1
BRDA:148,16,1,0
BRDA:157,17,0,0
BRDA:160,18,0,0
BRDA:160,18,1,0
BRDA:175,19,0,3
BRDA:175,19,1,1
BRDA:182,20,0,4
BRDA:182,20,1,3
BRDA:187,21,0,5
BRDA:187,21,1,5
BRDA:236,22,0,0
BRDA:236,22,1,0
BRDA:238,23,0,0
BRDA:238,24,0,0
BRDA:238,24,1,0
BRDA:245,25,0,0
BRDA:258,26,0,0
BRDA:259,27,0,0
BRDA:267,28,0,0
BRDA:267,28,1,0
BRDA:280,29,0,0
BRDA:280,30,0,0
BRDA:280,30,1,0
BRDA:288,31,0,0
BRDA:307,32,0,0
BRDA:308,33,0,0
BRDA:317,34,0,0
BRDA:317,34,1,0
BRF:49
BRH:23
end_of_record
TN:
SF:src/types.ts
FNF:0
FNH:0
DA:3,1
LF:1
LH:1
BRF:0
BRH:0
end_of_record
TN:
SF:src/utils.ts
FN:5,getRpcUrl
FN:20,createConnection
FN:25,validatePublicKey
FN:34,validateSignature
FN:43,lamportsToSol
FN:47,solToLamports
FN:51,formatAmount
FN:55,toTokenAmount
FN:59,fromTokenAmount
FNF:9
FNH:9
FNDA:11,getRpcUrl
FNDA:6,createConnection
FNDA:19,validatePublicKey
FNDA:13,validateSignature
FNDA:7,lamportsToSol
FNDA:8,solToLamports
FNDA:4,formatAmount
FNDA:10,toTokenAmount
FNDA:4,fromTokenAmount
DA:1,3
DA:2,3
DA:5,3
DA:6,11
DA:8,9
DA:10,1
DA:12,6
DA:14,1
DA:16,1
DA:20,3
DA:21,6
DA:22,6
DA:25,3
DA:26,19
DA:27,19
DA:28,12
DA:30,7
DA:34,3
DA:35,13
DA:36,13
DA:37,11
DA:39,2
DA:43,3
DA:44,7
DA:47,3
DA:48,8
DA:51,3
DA:52,4
DA:55,3
DA:56,10
DA:59,3
DA:60,4
LF:32
LH:32
BRDA:6,0,0,2
BRDA:8,1,0,1
BRDA:8,1,1,6
BRDA:8,1,2,1
BRDA:8,1,3,1
BRDA:51,2,0,1
BRF:6
BRH:6
end_of_record
TN:
SF:src/verify.ts
FN:14,(anonymous_0)
FN:19,(anonymous_1)
FN:31,(anonymous_2)
FN:45,(anonymous_3)
FN:49,(anonymous_4)
FN:56,verifyPayment
FN:84,verifyTransfer
FN:124,(anonymous_7)
FN:159,verifyTokenTransfer
FNF:9
FNH:5
FNDA:2,(anonymous_0)
FNDA:6,(anonymous_1)
FNDA:0,(anonymous_2)
FNDA:0,(anonymous_3)
FNDA:0,(anonymous_4)
FNDA:13,verifyPayment
FNDA:7,verifyTransfer
FNDA:0,(anonymous_7)
FNDA:2,verifyTokenTransfer
DA:1,2
DA:9,2
DA:11,2
DA:12,2
DA:15,2
DA:16,2
DA:17,2
DA:20,6
DA:21,6
DA:23,0
DA:24,0
DA:25,0
DA:28,0
DA:32,0
DA:33,0
DA:34,0
DA:35,0
DA:39,0
DA:46,0
DA:50,0
DA:54,2
DA:56,2
DA:63,13
DA:64,1
DA:67,12
DA:68,1
DA:71,11
DA:72,1
DA:75,10
DA:76,7
DA:77,3
DA:78,2
DA:81,1
DA:90,7
DA:91,2
DA:94,5
DA:95,0
DA:98,5
DA:99,5
DA:100,2
DA:103,3
DA:104,3
DA:105,3
DA:109,3
DA:110,3
DA:113,0
DA:114,0
DA:117,0
DA:118,0
DA:119,0
DA:120,0
DA:122,0
DA:124,0
DA:125,0
DA:128,0
DA:129,0
DA:132,0
DA:136,0
DA:138,0
DA:139,0
DA:145,0
DA:147,0
DA:152,0
DA:166,2
DA:167,0
DA:170,2
DA:171,1
DA:174,1
DA:175,0
DA:178,1
DA:179,1
DA:180,0
DA:183,1
DA:184,1
DA:185,1
DA:189,1
DA:190,1
DA:193,0
DA:194,0
DA:197,0
DA:198,0
DA:199,0
DA:200,0
DA:202,0
DA:203,0
DA:204,0
DA:206,0
DA:207,0
DA:208,0
DA:210,0
DA:212,0
DA:214,0
DA:215,0
DA:216,0
DA:217,0
DA:218,0
DA:222,0
DA:223,0
DA:226,0
DA:227,0
DA:229,0
DA:230,0
DA:233,0
DA:234,0
DA:236,0
DA:237,0
DA:243,0
DA:244,0
DA:246,0
DA:247,0
DA:253,0
DA:255,0
DA:256,0
DA:257,0
DA:263,0
DA:265,0
DA:270,0
LF:117
LH:44
BRDA:21,0,0,6
BRDA:23,1,0,0
BRDA:31,2,0,0
BRDA:32,3,0,0
BRDA:34,4,0,0
BRDA:63,5,0,1
BRDA:67,6,0,1
BRDA:71,7,0,1
BRDA:75,8,0,7
BRDA:75,8,1,3
BRDA:77,9,0,2
BRDA:90,10,0,2
BRDA:94,11,0,0
BRDA:99,12,0,2
BRDA:109,13,0,3
BRDA:113,14,0,0
BRDA:118,15,0,0
BRDA:118,15,1,0
BRDA:119,16,0,0
BRDA:119,16,1,0
BRDA:125,17,0,0
BRDA:128,18,0,0
BRDA:132,19,0,0
BRDA:132,19,1,0
BRDA:132,20,0,0
BRDA:132,20,1,0
BRDA:138,21,0,0
BRDA:154,22,0,0
BRDA:154,22,1,0
BRDA:166,23,0,0
BRDA:170,24,0,1
BRDA:174,25,0,0
BRDA:179,26,0,0
BRDA:189,27,0,1
BRDA:193,28,0,0
BRDA:210,29,0,0
BRDA:214,30,0,0
BRDA:214,31,0,0
BRDA:214,31,1,0
BRDA:214,31,2,0
BRDA:222,32,0,0
BRDA:222,33,0,0
BRDA:222,33,1,0
BRDA:229,34,0,0
BRDA:236,35,0,0
BRDA:246,36,0,0
BRDA:253,37,0,0
BRDA:253,37,1,0
BRDA:255,38,0,0
BRDA:256,39,0,0
BRDA:256,39,1,0
BRDA:272,40,0,0
BRDA:272,40,1,0
BRF:53
BRH:12
end_of_record
